<?xml version="1.0" encoding="utf-8"?><testsuites name="pytest tests"><testsuite name="pytest" errors="0" failures="0" skipped="0" tests="17" time="5.472" timestamp="2026-01-15T02:06:45.601289+00:00" hostname="agent-env-a177eb8b-aa87-4390-9fb2-0fb30293f20a"><testcase classname="tests.test_backend_api.TestHealthAndRoot" name="test_api_root" time="0.074" /><testcase classname="tests.test_backend_api.TestResourcesEndpoints" name="test_get_all_resources" time="0.050" /><testcase classname="tests.test_backend_api.TestResourcesEndpoints" name="test_filter_resources_by_category" time="0.233" /><testcase classname="tests.test_backend_api.TestResourcesEndpoints" name="test_filter_resources_by_city" time="0.040" /><testcase classname="tests.test_backend_api.TestResourcesEndpoints" name="test_search_resources" time="0.041" /><testcase classname="tests.test_backend_api.TestResourcesEndpoints" name="test_get_single_resource" time="0.081" /><testcase classname="tests.test_backend_api.TestResourcesEndpoints" name="test_get_nonexistent_resource" time="0.076" /><testcase classname="tests.test_backend_api.TestResourcesEndpoints" name="test_create_resource" time="0.083" /><testcase classname="tests.test_backend_api.TestCategoriesEndpoint" name="test_get_categories" time="0.036" /><testcase classname="tests.test_backend_api.TestChatEndpoint" name="test_chat_basic_message" time="1.596" /><testcase classname="tests.test_backend_api.TestChatEndpoint" name="test_chat_with_history" time="1.576" /><testcase classname="tests.test_backend_api.TestChatEndpoint" name="test_chat_conversational_flow" time="1.079" /><testcase classname="tests.test_backend_api.TestSubmissionsEndpoint" name="test_submit_resource" time="0.064" /><testcase classname="tests.test_backend_api.TestSubmissionsEndpoint" name="test_get_submissions" time="0.055" /><testcase classname="tests.test_backend_api.TestSeedEndpoint" name="test_seed_database" time="0.034" /><testcase classname="tests.test_backend_api.TestDataIntegrity" name="test_resources_have_valid_categories" time="0.116" /><testcase classname="tests.test_backend_api.TestDataIntegrity" name="test_resources_have_valid_coordinates" time="0.044" /></testsuite></testsuites>